<?xml version="1.0" encoding="UTF-8"?>
<!-- Generated by org.testng.reporters.JUnitReportReporter -->
<testsuite hostname="LAPTOP-UOBADQ68" failures="0" tests="2" name="TestNGPackage.TestNG1Demo" time="0.015" errors="0" timestamp="2022-10-20T12:09:13 IST" skipped="0">
  <testcase classname="TestNGPackage.TestNG1Demo" name="demo1" time="0.001"/>
  <system-out/>
  <testcase classname="TestNGPackage.TestNG1Demo" name="demo" time="0.014"/>
  <system-out/>
</testsuite> <!-- TestNGPackage.TestNG1Demo -->
